<?xml version="1.0" encoding="UTF-8"?>
<testng-results ignored="0" total="1" passed="1" failed="0" skipped="0">
  <reporter-output>
  </reporter-output>
  <suite started-at="2023-06-02T09:27:13 EDT" name="Default suite" finished-at="2023-06-02T09:27:17 EDT" duration-ms="3769">
    <groups>
    </groups>
    <test started-at="2023-06-02T09:27:13 EDT" name="Default test" finished-at="2023-06-02T09:27:17 EDT" duration-ms="3769">
      <class name="papack.OneTest">
        <test-method signature="mOne()[pri:0, instance:papack.OneTest@7d4f9aae]" started-at="2023-06-02T09:27:13 EDT" name="mOne" finished-at="2023-06-02T09:27:17 EDT" duration-ms="3571" status="PASS">
          <reporter-output>
          </reporter-output>
        </test-method> <!-- mOne -->
        <test-method is-config="true" signature="closure()[pri:0, instance:papack.OneTest@7d4f9aae]" started-at="2023-06-02T09:27:17 EDT" name="closure" finished-at="2023-06-02T09:27:17 EDT" duration-ms="149" status="PASS">
          <reporter-output>
          </reporter-output>
        </test-method> <!-- closure -->
      </class> <!-- papack.OneTest -->
    </test> <!-- Default test -->
  </suite> <!-- Default suite -->
</testng-results>
